Command line:
   tb_VendingMachine_isim_beh.exe
     -simmode  gui
     -simrunnum  0
     -socket  52157

Fri Jan 15 20:11:31 2021


 Elaboration Time: 0.0625 sec

 Current Memory Usage: 5160.86 Meg

 Total Signals          : 17
 Total Nets             : 22
 Total Signal Drivers   : 11
 Total Blocks           : 5
 Total Primitive Blocks : 4
 Total Processes        : 5
 Total Traceable Variables  : 11
 Total Scalar Nets and Variables : 401
Total Line Count : 98

 Total Simulation Time: 0.078125 sec

 Current Memory Usage: 4689 Meg

Fri Jan 15 20:18:07 2021

