Running: fuse.exe -relaunch -intstyle "ise" -incremental -o "D:/Project/Year 4 Project/HDL/Exam/VendingMachine/tb_VendingMachine_isim_beh.exe" -prj "D:/Project/Year 4 Project/HDL/Exam/VendingMachine/tb_VendingMachine_beh.prj" "work.tb_VendingMachine" 
ISim P.20131013 (signature 0x7708f090)
Number of CPUs detected in this system: 12
Turning on mult-threading, number of parallel sub-compilation jobs: 24 
Determining compilation order of HDL files
Parsing VHDL file "D:/Project/Year 4 Project/HDL/Exam/VendingMachine/VendingMachine.vhd" into library work
Parsing VHDL file "D:/Project/Year 4 Project/HDL/Exam/VendingMachine/tb_VendingMachine.vhd" into library work
Starting static elaboration
Completed static elaboration
Compiling package standard
Compiling package std_logic_1164
Compiling package std_logic_arith
Compiling package std_logic_unsigned
Compiling architecture behavioral of entity VendingMachine [vendingmachine_default]
Compiling architecture behavior of entity tb_vendingmachine
Time Resolution for simulation is 1ps.
Compiled 7 VHDL Units
Built simulation executable D:/Project/Year 4 Project/HDL/Exam/VendingMachine/tb_VendingMachine_isim_beh.exe
Fuse Memory Usage: 34236 KB
Fuse CPU Usage: 421 ms
