Release 14.7 - xst P.20131013 (nt64)
Copyright (c) 1995-2013 Xilinx, Inc.  All rights reserved.
--> Parameter TMPDIR set to xst/projnav.tmp


Total REAL time to Xst completion: 0.00 secs
Total CPU time to Xst completion: 0.10 secs
 
--> Parameter xsthdpdir set to xst


Total REAL time to Xst completion: 0.00 secs
Total CPU time to Xst completion: 0.10 secs
 
--> Reading design: VendingMachine.prj

TABLE OF CONTENTS
  1) Synthesis Options Summary
  2) HDL Compilation
  3) Design Hierarchy Analysis
  4) HDL Analysis
  5) HDL Synthesis
     5.1) HDL Synthesis Report
  6) Advanced HDL Synthesis
     6.1) Advanced HDL Synthesis Report
  7) Low Level Synthesis
  8) Partition Report
  9) Final Report
	9.1) Device utilization summary
	9.2) Partition Resource Summary
	9.3) TIMING REPORT


=========================================================================
*                      Synthesis Options Summary                        *
=========================================================================
---- Source Parameters
Input File Name                    : "VendingMachine.prj"
Input Format                       : mixed
Ignore Synthesis Constraint File   : NO

---- Target Parameters
Output File Name                   : "VendingMachine"
Output Format                      : NGC
Target Device                      : xc3s500e-5-ft256

---- Source Options
Top Module Name                    : VendingMachine
Automatic FSM Extraction           : YES
FSM Encoding Algorithm             : Auto
Safe Implementation                : No
FSM Style                          : LUT
RAM Extraction                     : Yes
RAM Style                          : Auto
ROM Extraction                     : Yes
Mux Style                          : Auto
Decoder Extraction                 : YES
Priority Encoder Extraction        : Yes
Shift Register Extraction          : YES
Logical Shifter Extraction         : YES
XOR Collapsing                     : YES
ROM Style                          : Auto
Mux Extraction                     : Yes
Resource Sharing                   : YES
Asynchronous To Synchronous        : NO
Multiplier Style                   : Auto
Automatic Register Balancing       : No

---- Target Options
Add IO Buffers                     : YES
Global Maximum Fanout              : 100000
Add Generic Clock Buffer(BUFG)     : 24
Register Duplication               : YES
Slice Packing                      : YES
Optimize Instantiated Primitives   : NO
Use Clock Enable                   : Yes
Use Synchronous Set                : Yes
Use Synchronous Reset              : Yes
Pack IO Registers into IOBs        : Auto
Equivalent register Removal        : YES

---- General Options
Optimization Goal                  : Speed
Optimization Effort                : 1
Keep Hierarchy                     : No
Netlist Hierarchy                  : As_Optimized
RTL Output                         : Yes
Global Optimization                : AllClockNets
Read Cores                         : YES
Write Timing Constraints           : NO
Cross Clock Analysis               : NO
Hierarchy Separator                : /
Bus Delimiter                      : <>
Case Specifier                     : Maintain
Slice Utilization Ratio            : 100
BRAM Utilization Ratio             : 100
Verilog 2001                       : YES
Auto BRAM Packing                  : NO
Slice Utilization Ratio Delta      : 5

=========================================================================


=========================================================================
*                          HDL Compilation                              *
=========================================================================
Compiling vhdl file "D:/Project/Year 4 Project/HDL/Exam/VendingMachine/VendingMachine.vhd" in Library work.
Entity <vendingmachine> compiled.
Entity <vendingmachine> (Architecture <behavioral>) compiled.

=========================================================================
*                     Design Hierarchy Analysis                         *
=========================================================================
Analyzing hierarchy for entity <VendingMachine> in library <work> (architecture <behavioral>).


=========================================================================
*                            HDL Analysis                               *
=========================================================================
Analyzing Entity <VendingMachine> in library <work> (Architecture <behavioral>).
WARNING:Xst:819 - "D:/Project/Year 4 Project/HDL/Exam/VendingMachine/VendingMachine.vhd" line 77: One or more signals are missing in the process sensitivity list. To enable synthesis of FPGA/CPLD hardware, XST will assume that all necessary signals are present in the sensitivity list. Please note that the result of the synthesis may differ from the initial design specification. The missing signals are:
   <Reset>
Entity <VendingMachine> analyzed. Unit <VendingMachine> generated.


=========================================================================
*                           HDL Synthesis                               *
=========================================================================

Performing bidirectional port resolution...

Synthesizing Unit <VendingMachine>.
    Related source file is "D:/Project/Year 4 Project/HDL/Exam/VendingMachine/VendingMachine.vhd".
WARNING:Xst:646 - Signal <iMoneyReturn> is assigned but never used. This unconnected signal will be trimmed during the optimization process.
WARNING:Xst:646 - Signal <PresentLight> is assigned but never used. This unconnected signal will be trimmed during the optimization process.
WARNING:Xst:1780 - Signal <NextLight> is never used or assigned. This unconnected signal will be trimmed during the optimization process.
    Found finite state machine <FSM_0> for signal <PresentState>.
    -----------------------------------------------------------------------
    | States             | 8                                              |
    | Transitions        | 20                                             |
    | Inputs             | 2                                              |
    | Outputs            | 3                                              |
    | Clock              | Clock                     (rising_edge)        |
    | Reset              | PresentState$or0001       (positive)           |
    | Reset type         | synchronous                                    |
    | Reset State        | stzero                                         |
    | Power Up State     | stzero                                         |
    | Encoding           | automatic                                      |
    | Implementation     | LUT                                            |
    -----------------------------------------------------------------------
    Found 6-bit register for signal <iShiftRegister>.
    Found 6-bit adder for signal <iShiftRegister$addsub0000> created at line 71.
    Found 6-bit adder for signal <iShiftRegister$addsub0001> created at line 71.
    Found 6-bit adder for signal <iShiftRegister$addsub0002> created at line 71.
    Found 6-bit adder for signal <iShiftRegister$addsub0003> created at line 71.
    Found 6-bit adder for signal <iShiftRegister$addsub0004> created at line 71.
    Found 6-bit adder for signal <iShiftRegister$mux0000>.
    Found 6-bit adder for signal <iShiftRegister$mux0001>.
    Found 6-bit adder for signal <iShiftRegister$mux0002>.
    Found 6-bit adder for signal <iShiftRegister$mux0003>.
    Found 6-bit adder for signal <iShiftRegister$mux0004>.
    Summary:
	inferred   1 Finite State Machine(s).
	inferred   6 D-type flip-flop(s).
	inferred  10 Adder/Subtractor(s).
Unit <VendingMachine> synthesized.

INFO:Xst:1767 - HDL ADVISOR - Resource sharing has identified that some arithmetic operations in this design can share the same physical resources for reduced device utilization. For improved clock frequency you may try to disable resource sharing.

=========================================================================
HDL Synthesis Report

Found no macro
=========================================================================

=========================================================================
*                       Advanced HDL Synthesis                          *
=========================================================================

Analyzing FSM <FSM_0> for best encoding.
Optimizing FSM <PresentState/FSM> on signal <PresentState[1:3]> with user encoding.
--------------------------
 State        | Encoding
--------------------------
 stzero       | 000
 stfive       | 001
 stten        | 010
 stfifteen    | 011
 sttwenty     | 100
 sttwentyfive | 101
 stthirty     | 110
 stthirtyfive | 111
--------------------------

=========================================================================
Advanced HDL Synthesis Report

Macro Statistics
# FSMs                                                 : 1

=========================================================================

=========================================================================
*                         Low Level Synthesis                           *
=========================================================================

Optimizing unit <VendingMachine> ...

Mapping all equations...
Building and optimizing final netlist ...
Found area constraint ratio of 100 (+ 5) on block VendingMachine, actual ratio is 0.

Final Macro Processing ...

=========================================================================
Final Register Report

Macro Statistics
# Registers                                            : 3
 Flip-Flops                                            : 3

=========================================================================

=========================================================================
*                           Partition Report                            *
=========================================================================

Partition Implementation Status
-------------------------------

  No Partitions were found in this design.

-------------------------------

=========================================================================
*                            Final Report                               *
=========================================================================
Final Results
RTL Top Level Output File Name     : VendingMachine.ngr
Top Level Output File Name         : VendingMachine
Output Format                      : NGC
Optimization Goal                  : Speed
Keep Hierarchy                     : No

Design Statistics
# IOs                              : 5

Cell Usage :
# BELS                             : 9
#      LUT2                        : 1
#      LUT3                        : 4
#      LUT3_D                      : 1
#      LUT3_L                      : 1
#      LUT4                        : 1
#      LUT4_L                      : 1
# FlipFlops/Latches                : 3
#      FDR                         : 3
# Clock Buffers                    : 1
#      BUFGP                       : 1
# IO Buffers                       : 4
#      IBUF                        : 3
#      OBUF                        : 1
=========================================================================

Device utilization summary:
---------------------------

Selected Device : 3s500eft256-5 

 Number of Slices:                        5  out of   4656     0%  
 Number of Slice Flip Flops:              3  out of   9312     0%  
 Number of 4 input LUTs:                  9  out of   9312     0%  
 Number of IOs:                           5
 Number of bonded IOBs:                   5  out of    190     2%  
 Number of GCLKs:                         1  out of     24     4%  

---------------------------
Partition Resource Summary:
---------------------------

  No Partitions were found in this design.

---------------------------


=========================================================================
TIMING REPORT

NOTE: THESE TIMING NUMBERS ARE ONLY A SYNTHESIS ESTIMATE.
      FOR ACCURATE TIMING INFORMATION PLEASE REFER TO THE TRACE REPORT
      GENERATED AFTER PLACE-and-ROUTE.

Clock Information:
------------------
-----------------------------------+------------------------+-------+
Clock Signal                       | Clock buffer(FF name)  | Load  |
-----------------------------------+------------------------+-------+
Clock                              | BUFGP                  | 3     |
-----------------------------------+------------------------+-------+

Asynchronous Control Signals Information:
----------------------------------------
No asynchronous control signals found in this design

Timing Summary:
---------------
Speed Grade: -5

   Minimum period: 3.686ns (Maximum Frequency: 271.297MHz)
   Minimum input arrival time before clock: 4.310ns
   Maximum output required time after clock: 5.373ns
   Maximum combinational path delay: No path found

Timing Detail:
--------------
All values displayed in nanoseconds (ns)

=========================================================================
Timing constraint: Default period analysis for Clock 'Clock'
  Clock period: 3.686ns (frequency: 271.297MHz)
  Total number of paths / destination ports: 20 / 6
-------------------------------------------------------------------------
Delay:               3.686ns (Levels of Logic = 2)
  Source:            PresentState_FSM_FFd2 (FF)
  Destination:       PresentState_FSM_FFd3 (FF)
  Source Clock:      Clock rising
  Destination Clock: Clock rising

  Data Path: PresentState_FSM_FFd2 to PresentState_FSM_FFd3
                                Gate     Net
    Cell:in->out      fanout   Delay   Delay  Logical Name (Net Name)
    ----------------------------------------  ------------
     FDR:C->Q              6   0.514   0.572  PresentState_FSM_FFd2 (PresentState_FSM_FFd2)
     LUT4_L:I3->LO         1   0.612   0.130  PresentState_or0001_SW0 (N6)
     LUT3:I2->O            3   0.612   0.451  PresentState_or0001 (PresentState_or0001)
     FDR:R                     0.795          PresentState_FSM_FFd3
    ----------------------------------------
    Total                      3.686ns (2.533ns logic, 1.153ns route)
                                       (68.7% logic, 31.3% route)

=========================================================================
Timing constraint: Default OFFSET IN BEFORE for Clock 'Clock'
  Total number of paths / destination ports: 15 / 6
-------------------------------------------------------------------------
Offset:              4.310ns (Levels of Logic = 3)
  Source:            Five (PAD)
  Destination:       PresentState_FSM_FFd3 (FF)
  Destination Clock: Clock rising

  Data Path: Five to PresentState_FSM_FFd3
                                Gate     Net
    Cell:in->out      fanout   Delay   Delay  Logical Name (Net Name)
    ----------------------------------------  ------------
     IBUF:I->O             3   1.106   0.603  Five_IBUF (Five_IBUF)
     LUT4_L:I0->LO         1   0.612   0.130  PresentState_or0001_SW0 (N6)
     LUT3:I2->O            3   0.612   0.451  PresentState_or0001 (PresentState_or0001)
     FDR:R                     0.795          PresentState_FSM_FFd3
    ----------------------------------------
    Total                      4.310ns (3.125ns logic, 1.185ns route)
                                       (72.5% logic, 27.5% route)

=========================================================================
Timing constraint: Default OFFSET OUT AFTER for Clock 'Clock'
  Total number of paths / destination ports: 3 / 1
-------------------------------------------------------------------------
Offset:              5.373ns (Levels of Logic = 2)
  Source:            PresentState_FSM_FFd1 (FF)
  Destination:       Chocolate (PAD)
  Source Clock:      Clock rising

  Data Path: PresentState_FSM_FFd1 to Chocolate
                                Gate     Net
    Cell:in->out      fanout   Delay   Delay  Logical Name (Net Name)
    ----------------------------------------  ------------
     FDR:C->Q              6   0.514   0.721  PresentState_FSM_FFd1 (PresentState_FSM_FFd1)
     LUT3:I0->O            1   0.612   0.357  PresentState_FSM_Out21 (Chocolate_OBUF)
     OBUF:I->O                 3.169          Chocolate_OBUF (Chocolate)
    ----------------------------------------
    Total                      5.373ns (4.295ns logic, 1.078ns route)
                                       (79.9% logic, 20.1% route)

=========================================================================


Total REAL time to Xst completion: 3.00 secs
Total CPU time to Xst completion: 3.57 secs
 
--> 

Total memory usage is 4522596 kilobytes

Number of errors   :    0 (   0 filtered)
Number of warnings :    4 (   0 filtered)
Number of infos    :    1 (   0 filtered)

